2022-12-25 20:22:47,264  com.nopCommerce.testcases.TC_LoginTest_001 URL id opened 
2022-12-25 20:22:47,475  com.nopCommerce.testcases.TC_LoginTest_001 User name is entered 
2022-12-25 20:22:47,653  com.nopCommerce.testcases.TC_LoginTest_001 password  is entered 
2022-12-25 20:22:52,441  com.nopCommerce.testcases.TC_LoginTest_001 clicked on Login 
2022-12-25 20:28:08,876  com.nopCommerce.testcases.TC_LoginTest_001 URL id opened 
2022-12-25 20:28:09,062  com.nopCommerce.testcases.TC_LoginTest_001 User name is entered 
2022-12-25 20:28:09,236  com.nopCommerce.testcases.TC_LoginTest_001 password  is entered 
2022-12-25 20:28:14,503  com.nopCommerce.testcases.TC_LoginTest_001 clicked on Login 
2022-12-26 11:54:46,450  com.nopCommerce.testcases.TC_checkingordersTest_002 URL id opened 
2022-12-26 11:54:46,678  com.nopCommerce.testcases.TC_checkingordersTest_002 User name is entered 
2022-12-26 11:54:46,878  com.nopCommerce.testcases.TC_checkingordersTest_002 password  is entered 
2022-12-26 11:54:46,983  com.nopCommerce.testcases.TC_checkingordersTest_002 clicked on Login 
2022-12-26 11:54:48,867  com.nopCommerce.testcases.TC_checkingordersTest_002 URL id opened 
2022-12-26 11:54:49,048  com.nopCommerce.testcases.TC_checkingordersTest_002 User name is entered 
2022-12-26 11:54:49,231  com.nopCommerce.testcases.TC_checkingordersTest_002 password  is entered 
2022-12-26 11:54:49,359  com.nopCommerce.testcases.TC_checkingordersTest_002 clicked on Login 
2022-12-26 11:54:50,486  com.nopCommerce.testcases.TC_checkingordersTest_002 URL id opened 
2022-12-26 11:54:50,672  com.nopCommerce.testcases.TC_checkingordersTest_002 User name is entered 
2022-12-26 11:54:50,852  com.nopCommerce.testcases.TC_checkingordersTest_002 password  is entered 
2022-12-26 11:54:50,955  com.nopCommerce.testcases.TC_checkingordersTest_002 clicked on Login 
2022-12-26 11:54:51,607  com.nopCommerce.testcases.TC_checkingordersTest_002 URL id opened 
2022-12-26 11:54:51,781  com.nopCommerce.testcases.TC_checkingordersTest_002 User name is entered 
2022-12-26 11:54:51,971  com.nopCommerce.testcases.TC_checkingordersTest_002 password  is entered 
2022-12-26 11:54:52,058  com.nopCommerce.testcases.TC_checkingordersTest_002 clicked on Login 
2022-12-26 11:54:56,276  com.nopCommerce.testcases.TC_LoginTest_001 URL id opened 
2022-12-26 11:54:56,463  com.nopCommerce.testcases.TC_LoginTest_001 User name is entered 
2022-12-26 11:54:56,655  com.nopCommerce.testcases.TC_LoginTest_001 password  is entered 
2022-12-26 11:54:56,763  com.nopCommerce.testcases.TC_LoginTest_001 clicked on Login 
2022-12-26 11:55:01,022  com.nopCommerce.testcases.TC_Addcustomerpage_003 URL id opened 
2022-12-26 11:55:01,206  com.nopCommerce.testcases.TC_Addcustomerpage_003 User name is entered 
2022-12-26 11:55:01,395  com.nopCommerce.testcases.TC_Addcustomerpage_003 password  is entered 
2022-12-26 11:55:01,490  com.nopCommerce.testcases.TC_Addcustomerpage_003 clicked on Login 
2022-12-26 11:55:02,801  com.nopCommerce.testcases.TC_Addcustomerpage_003 URL id opened 
2022-12-26 11:55:02,984  com.nopCommerce.testcases.TC_Addcustomerpage_003 User name is entered 
2022-12-26 11:55:03,153  com.nopCommerce.testcases.TC_Addcustomerpage_003 password  is entered 
2022-12-26 11:55:03,239  com.nopCommerce.testcases.TC_Addcustomerpage_003 clicked on Login 
2022-12-26 11:55:03,716  com.nopCommerce.testcases.TC_Addcustomerpage_003 URL id opened 
2022-12-26 11:55:03,889  com.nopCommerce.testcases.TC_Addcustomerpage_003 User name is entered 
2022-12-26 11:55:04,084  com.nopCommerce.testcases.TC_Addcustomerpage_003 password  is entered 
2022-12-26 11:55:04,174  com.nopCommerce.testcases.TC_Addcustomerpage_003 clicked on Login 
2022-12-26 11:55:04,988  com.nopCommerce.testcases.TC_Addcustomerpage_003 URL id opened 
2022-12-26 11:55:05,155  com.nopCommerce.testcases.TC_Addcustomerpage_003 User name is entered 
2022-12-26 11:55:05,344  com.nopCommerce.testcases.TC_Addcustomerpage_003 password  is entered 
2022-12-26 11:55:05,453  com.nopCommerce.testcases.TC_Addcustomerpage_003 clicked on Login 
2022-12-26 11:58:25,151  com.nopCommerce.testcases.TC_checkingordersTest_002 URL id opened 
2022-12-26 11:58:25,339  com.nopCommerce.testcases.TC_checkingordersTest_002 User name is entered 
2022-12-26 11:58:25,519  com.nopCommerce.testcases.TC_checkingordersTest_002 password  is entered 
2022-12-26 11:58:25,625  com.nopCommerce.testcases.TC_checkingordersTest_002 clicked on Login 
2022-12-26 11:58:27,062  com.nopCommerce.testcases.TC_checkingordersTest_002 URL id opened 
2022-12-26 11:58:27,245  com.nopCommerce.testcases.TC_checkingordersTest_002 User name is entered 
2022-12-26 11:58:27,430  com.nopCommerce.testcases.TC_checkingordersTest_002 password  is entered 
2022-12-26 11:58:27,532  com.nopCommerce.testcases.TC_checkingordersTest_002 clicked on Login 
2022-12-26 11:58:27,997  com.nopCommerce.testcases.TC_checkingordersTest_002 URL id opened 
2022-12-26 11:58:28,174  com.nopCommerce.testcases.TC_checkingordersTest_002 User name is entered 
2022-12-26 11:58:28,353  com.nopCommerce.testcases.TC_checkingordersTest_002 password  is entered 
2022-12-26 11:58:28,458  com.nopCommerce.testcases.TC_checkingordersTest_002 clicked on Login 
2022-12-26 11:58:28,823  com.nopCommerce.testcases.TC_checkingordersTest_002 URL id opened 
2022-12-26 11:58:58,728  com.nopCommerce.testcases.TC_Addcustomerpage_003 URL id opened 
2022-12-26 11:58:58,916  com.nopCommerce.testcases.TC_Addcustomerpage_003 User name is entered 
2022-12-26 11:58:59,122  com.nopCommerce.testcases.TC_Addcustomerpage_003 password  is entered 
2022-12-26 11:58:59,233  com.nopCommerce.testcases.TC_Addcustomerpage_003 clicked on Login 
2022-12-26 11:59:00,549  com.nopCommerce.testcases.TC_Addcustomerpage_003 URL id opened 
2022-12-26 11:59:00,741  com.nopCommerce.testcases.TC_Addcustomerpage_003 User name is entered 
2022-12-26 11:59:00,918  com.nopCommerce.testcases.TC_Addcustomerpage_003 password  is entered 
2022-12-26 11:59:00,977  com.nopCommerce.testcases.TC_Addcustomerpage_003 clicked on Login 
2022-12-26 12:04:06,174  com.nopCommerce.testcases.TC_checkingordersTest_002 URL id opened 
2022-12-26 12:04:06,388  com.nopCommerce.testcases.TC_checkingordersTest_002 User name is entered 
2022-12-26 12:04:06,567  com.nopCommerce.testcases.TC_checkingordersTest_002 password  is entered 
2022-12-26 12:04:10,868  com.nopCommerce.testcases.TC_checkingordersTest_002 clicked on Login 
2022-12-26 12:04:11,214  com.nopCommerce.testcases.TC_checkingordersTest_002 clicked on sales 
2022-12-26 12:04:12,806  com.nopCommerce.testcases.TC_checkingordersTest_002 clicked on orders 
2022-12-26 12:04:25,055  com.nopCommerce.testcases.TC_checkingordersTest_002 all details are entered 
2022-12-26 12:04:29,727  com.nopCommerce.testcases.TC_LoginTest_001 URL id opened 
2022-12-26 12:04:29,927  com.nopCommerce.testcases.TC_LoginTest_001 User name is entered 
2022-12-26 12:04:30,096  com.nopCommerce.testcases.TC_LoginTest_001 password  is entered 
2022-12-26 12:04:34,160  com.nopCommerce.testcases.TC_LoginTest_001 clicked on Login 
2022-12-26 12:04:37,648  com.nopCommerce.testcases.TC_Addcustomerpage_003 URL id opened 
2022-12-26 12:04:37,845  com.nopCommerce.testcases.TC_Addcustomerpage_003 User name is entered 
2022-12-26 12:04:38,051  com.nopCommerce.testcases.TC_Addcustomerpage_003 password  is entered 
2022-12-26 12:04:42,111  com.nopCommerce.testcases.TC_Addcustomerpage_003 clicked on Login 
2022-12-26 20:28:54,841  com.nopCommerce.testcases.TC_LoginDDT_004 user name provided 
2022-12-26 20:28:54,971  com.nopCommerce.testcases.TC_LoginDDT_004 password provided 
2022-12-26 20:28:56,249  com.nopCommerce.testcases.TC_LoginDDT_004 user name provided 
2022-12-26 20:28:56,378  com.nopCommerce.testcases.TC_LoginDDT_004 password provided 
2022-12-26 20:31:29,245  com.nopCommerce.testcases.TC_LoginDDT_004 user name provided 
2022-12-26 20:31:29,425  com.nopCommerce.testcases.TC_LoginDDT_004 password provided 
2022-12-26 20:31:30,884  com.nopCommerce.testcases.TC_LoginDDT_004 user name provided 
2022-12-26 20:31:31,053  com.nopCommerce.testcases.TC_LoginDDT_004 password provided 
2022-12-26 20:32:36,532  com.nopCommerce.testcases.TC_LoginDDT_004 user name provided 
2022-12-26 20:32:36,703  com.nopCommerce.testcases.TC_LoginDDT_004 password provided 
2022-12-26 20:32:38,086  com.nopCommerce.testcases.TC_LoginDDT_004 user name provided 
2022-12-26 20:32:38,247  com.nopCommerce.testcases.TC_LoginDDT_004 password provided 
2022-12-26 22:10:24,730  com.nopCommerce.testcases.TC_LoginDDT_004 user name provided 
2022-12-26 22:10:24,912  com.nopCommerce.testcases.TC_LoginDDT_004 password provided 
2022-12-26 22:10:26,224  com.nopCommerce.testcases.TC_LoginDDT_004 user name provided 
2022-12-26 22:10:26,391  com.nopCommerce.testcases.TC_LoginDDT_004 password provided 
2022-12-26 22:11:34,265  com.nopCommerce.testcases.TC_LoginDDT_004 user name provided 
2022-12-26 22:11:34,445  com.nopCommerce.testcases.TC_LoginDDT_004 password provided 
2022-12-26 22:11:34,445  com.nopCommerce.testcases.TC_LoginDDT_004 clicked on submit 
2022-12-26 22:11:35,039  com.nopCommerce.testcases.TC_LoginDDT_004 user name provided 
2022-12-26 22:11:35,194  com.nopCommerce.testcases.TC_LoginDDT_004 password provided 
2022-12-26 22:11:35,195  com.nopCommerce.testcases.TC_LoginDDT_004 clicked on submit 
2022-12-26 22:13:11,118  com.nopCommerce.testcases.TC_LoginDDT_004 user name provided 
2022-12-26 22:13:11,285  com.nopCommerce.testcases.TC_LoginDDT_004 password provided 
2022-12-26 22:13:11,286  com.nopCommerce.testcases.TC_LoginDDT_004 clicked on submit 
2022-12-26 22:13:11,925  com.nopCommerce.testcases.TC_LoginDDT_004 user name provided 
2022-12-26 22:13:12,093  com.nopCommerce.testcases.TC_LoginDDT_004 password provided 
2022-12-26 22:13:12,093  com.nopCommerce.testcases.TC_LoginDDT_004 clicked on submit 
2022-12-26 22:15:28,388  com.nopCommerce.testcases.TC_LoginDDT_004 user name provided 
2022-12-26 22:15:28,563  com.nopCommerce.testcases.TC_LoginDDT_004 password provided 
2022-12-26 22:15:32,603  com.nopCommerce.testcases.TC_LoginDDT_004 clicked on Login 
2022-12-26 22:15:33,553  com.nopCommerce.testcases.TC_LoginDDT_004 user name provided 
2022-12-26 22:15:33,720  com.nopCommerce.testcases.TC_LoginDDT_004 password provided 
2022-12-26 22:15:34,196  com.nopCommerce.testcases.TC_LoginDDT_004 clicked on Login 
2022-12-26 22:17:51,350  com.nopCommerce.testcases.TC_LoginDDT_004 user name provided 
2022-12-26 22:17:51,522  com.nopCommerce.testcases.TC_LoginDDT_004 password provided 
2022-12-26 22:17:58,820  com.nopCommerce.testcases.TC_LoginDDT_004 clicked on Login 
2022-12-26 22:17:59,725  com.nopCommerce.testcases.TC_LoginDDT_004 user name provided 
2022-12-26 22:17:59,881  com.nopCommerce.testcases.TC_LoginDDT_004 password provided 
2022-12-26 22:18:00,304  com.nopCommerce.testcases.TC_LoginDDT_004 clicked on Login 
2022-12-26 22:19:54,051  com.nopCommerce.testcases.TC_LoginDDT_004 user name provided 
2022-12-26 22:19:54,226  com.nopCommerce.testcases.TC_LoginDDT_004 password provided 
2022-12-26 22:20:00,249  com.nopCommerce.testcases.TC_LoginDDT_004 clicked on Login 
2022-12-26 22:20:01,140  com.nopCommerce.testcases.TC_LoginDDT_004 user name provided 
2022-12-26 22:20:01,296  com.nopCommerce.testcases.TC_LoginDDT_004 password provided 
2022-12-26 22:20:01,759  com.nopCommerce.testcases.TC_LoginDDT_004 clicked on Login 
2022-12-26 22:40:54,624  com.nopCommerce.testcases.TC_LoginDDT_004 user name provided 
2022-12-26 22:40:54,788  com.nopCommerce.testcases.TC_LoginDDT_004 password provided 
2022-12-26 22:41:00,174  com.nopCommerce.testcases.TC_LoginDDT_004 clicked on Login 
2022-12-26 22:41:01,184  com.nopCommerce.testcases.TC_LoginDDT_004 user name provided 
2022-12-26 22:41:01,356  com.nopCommerce.testcases.TC_LoginDDT_004 password provided 
2022-12-26 22:41:03,643  com.nopCommerce.testcases.TC_LoginDDT_004 clicked on Login 
2022-12-26 22:41:04,713  com.nopCommerce.testcases.TC_LoginDDT_004 user name provided 
2022-12-26 22:41:04,874  com.nopCommerce.testcases.TC_LoginDDT_004 password provided 
2022-12-26 22:41:07,550  com.nopCommerce.testcases.TC_LoginDDT_004 clicked on Login 
2022-12-26 22:41:08,556  com.nopCommerce.testcases.TC_LoginDDT_004 user name provided 
2022-12-26 22:41:08,722  com.nopCommerce.testcases.TC_LoginDDT_004 password provided 
2022-12-26 22:41:10,762  com.nopCommerce.testcases.TC_LoginDDT_004 clicked on Login 
2022-12-26 22:41:11,558  com.nopCommerce.testcases.TC_LoginDDT_004 user name provided 
2022-12-26 22:41:11,730  com.nopCommerce.testcases.TC_LoginDDT_004 password provided 
2022-12-26 22:41:12,170  com.nopCommerce.testcases.TC_LoginDDT_004 clicked on Login 
2022-12-26 22:41:13,449  com.nopCommerce.testcases.TC_LoginDDT_004 user name provided 
2022-12-26 22:41:13,615  com.nopCommerce.testcases.TC_LoginDDT_004 password provided 
2022-12-26 22:41:13,703  com.nopCommerce.testcases.TC_LoginDDT_004 clicked on Login 
2022-12-26 22:45:03,200  com.nopCommerce.testcases.TC_LoginDDT_004 user name provided 
2022-12-26 22:45:03,391  com.nopCommerce.testcases.TC_LoginDDT_004 password provided 
2022-12-26 22:45:07,667  com.nopCommerce.testcases.TC_LoginDDT_004 clicked on Login 
2022-12-26 22:45:08,579  com.nopCommerce.testcases.TC_LoginDDT_004 user name provided 
2022-12-26 22:45:08,743  com.nopCommerce.testcases.TC_LoginDDT_004 password provided 
2022-12-26 22:45:10,496  com.nopCommerce.testcases.TC_LoginDDT_004 clicked on Login 
2022-12-26 22:45:11,464  com.nopCommerce.testcases.TC_LoginDDT_004 user name provided 
2022-12-26 22:45:11,641  com.nopCommerce.testcases.TC_LoginDDT_004 password provided 
2022-12-26 22:45:13,761  com.nopCommerce.testcases.TC_LoginDDT_004 clicked on Login 
2022-12-26 22:45:14,721  com.nopCommerce.testcases.TC_LoginDDT_004 user name provided 
2022-12-26 22:45:14,894  com.nopCommerce.testcases.TC_LoginDDT_004 password provided 
2022-12-26 22:45:16,865  com.nopCommerce.testcases.TC_LoginDDT_004 clicked on Login 
2022-12-26 22:45:17,927  com.nopCommerce.testcases.TC_LoginDDT_004 user name provided 
2022-12-26 22:45:18,100  com.nopCommerce.testcases.TC_LoginDDT_004 password provided 
2022-12-26 22:45:19,180  com.nopCommerce.testcases.TC_LoginDDT_004 clicked on Login 
2022-12-26 22:45:20,903  com.nopCommerce.testcases.TC_LoginDDT_004 user name provided 
2022-12-26 22:45:21,072  com.nopCommerce.testcases.TC_LoginDDT_004 password provided 
2022-12-26 22:45:21,152  com.nopCommerce.testcases.TC_LoginDDT_004 clicked on Login 
2022-12-26 22:52:50,047  com.nopCommerce.testcases.TC_LoginDDT_004 user name provided 
2022-12-26 22:52:50,237  com.nopCommerce.testcases.TC_LoginDDT_004 password provided 
2022-12-26 22:52:54,116  com.nopCommerce.testcases.TC_LoginDDT_004 clicked on Login 
2022-12-26 22:52:56,301  com.nopCommerce.testcases.TC_LoginDDT_004 user name provided 
2022-12-26 22:52:56,473  com.nopCommerce.testcases.TC_LoginDDT_004 password provided 
2022-12-26 22:52:56,931  com.nopCommerce.testcases.TC_LoginDDT_004 clicked on Login 
2022-12-26 22:52:58,015  com.nopCommerce.testcases.TC_LoginDDT_004 user name provided 
2022-12-26 22:52:58,171  com.nopCommerce.testcases.TC_LoginDDT_004 password provided 
2022-12-26 22:52:58,244  com.nopCommerce.testcases.TC_LoginDDT_004 clicked on Login 
2022-12-26 22:57:42,425  com.nopCommerce.testcases.TC_checkingordersTest_002 URL id opened 
2022-12-26 22:57:42,606  com.nopCommerce.testcases.TC_checkingordersTest_002 User name is entered 
2022-12-26 22:57:42,766  com.nopCommerce.testcases.TC_checkingordersTest_002 password  is entered 
2022-12-26 22:57:49,062  com.nopCommerce.testcases.TC_checkingordersTest_002 clicked on Login 
2022-12-26 22:57:49,429  com.nopCommerce.testcases.TC_checkingordersTest_002 clicked on sales 
2022-12-26 22:57:50,989  com.nopCommerce.testcases.TC_checkingordersTest_002 clicked on orders 
2022-12-26 22:58:02,326  com.nopCommerce.testcases.TC_checkingordersTest_002 all details are entered 
2022-12-26 22:58:07,364  com.nopCommerce.testcases.TC_LoginTest_001 URL id opened 
2022-12-26 22:58:07,525  com.nopCommerce.testcases.TC_LoginTest_001 User name is entered 
2022-12-26 22:58:07,668  com.nopCommerce.testcases.TC_LoginTest_001 password  is entered 
2022-12-26 22:58:10,287  com.nopCommerce.testcases.TC_LoginTest_001 clicked on Login 
2022-12-26 22:58:14,544  com.nopCommerce.testcases.TC_Addcustomerpage_003 URL id opened 
2022-12-26 22:58:14,708  com.nopCommerce.testcases.TC_Addcustomerpage_003 User name is entered 
2022-12-26 22:58:14,869  com.nopCommerce.testcases.TC_Addcustomerpage_003 password  is entered 
2022-12-26 22:58:17,399  com.nopCommerce.testcases.TC_Addcustomerpage_003 clicked on Login 
2022-12-26 22:58:35,818  com.nopCommerce.testcases.TC_LoginDDT_004 user name provided 
2022-12-26 22:58:35,988  com.nopCommerce.testcases.TC_LoginDDT_004 password provided 
2022-12-26 22:58:42,029  com.nopCommerce.testcases.TC_LoginDDT_004 clicked on Login 
2022-12-26 22:58:44,158  com.nopCommerce.testcases.TC_LoginDDT_004 user name provided 
2022-12-26 22:58:44,314  com.nopCommerce.testcases.TC_LoginDDT_004 password provided 
2022-12-26 22:58:44,950  com.nopCommerce.testcases.TC_LoginDDT_004 clicked on Login 
2022-12-26 22:58:46,224  com.nopCommerce.testcases.TC_LoginDDT_004 user name provided 
2022-12-26 22:58:46,393  com.nopCommerce.testcases.TC_LoginDDT_004 password provided 
2022-12-26 22:58:46,465  com.nopCommerce.testcases.TC_LoginDDT_004 clicked on Login 
2022-12-29 20:25:52,244  com.nopCommerce.testcases.TC_checkingordersTest_002 URL id opened 
2022-12-29 20:25:52,412  com.nopCommerce.testcases.TC_checkingordersTest_002 User name is entered 
2022-12-29 20:25:52,542  com.nopCommerce.testcases.TC_checkingordersTest_002 password  is entered 
2022-12-29 20:26:10,683  com.nopCommerce.testcases.TC_checkingordersTest_002 clicked on Login 
2022-12-29 20:26:11,029  com.nopCommerce.testcases.TC_checkingordersTest_002 clicked on sales 
2022-12-29 20:26:13,267  com.nopCommerce.testcases.TC_checkingordersTest_002 clicked on orders 
2022-12-29 20:26:44,832  com.nopCommerce.testcases.TC_checkingordersTest_002 URL id opened 
2022-12-29 20:26:45,057  com.nopCommerce.testcases.TC_checkingordersTest_002 User name is entered 
2022-12-29 20:26:45,229  com.nopCommerce.testcases.TC_checkingordersTest_002 password  is entered 
2022-12-29 20:26:48,106  com.nopCommerce.testcases.TC_checkingordersTest_002 clicked on Login 
2022-12-29 20:26:48,315  com.nopCommerce.testcases.TC_checkingordersTest_002 clicked on sales 
2022-12-29 20:26:49,915  com.nopCommerce.testcases.TC_checkingordersTest_002 clicked on orders 
2022-12-29 20:27:00,192  com.nopCommerce.testcases.TC_LoginTest_001 URL id opened 
2022-12-29 20:27:00,365  com.nopCommerce.testcases.TC_LoginTest_001 User name is entered 
2022-12-29 20:27:00,520  com.nopCommerce.testcases.TC_LoginTest_001 password  is entered 
2022-12-29 20:27:06,294  com.nopCommerce.testcases.TC_LoginTest_001 clicked on Login 
2022-12-29 20:27:11,473  com.nopCommerce.testcases.TC_Addcustomerpage_003 URL id opened 
2022-12-29 20:27:11,654  com.nopCommerce.testcases.TC_Addcustomerpage_003 User name is entered 
2022-12-29 20:27:11,807  com.nopCommerce.testcases.TC_Addcustomerpage_003 password  is entered 
2022-12-29 20:27:16,710  com.nopCommerce.testcases.TC_Addcustomerpage_003 clicked on Login 
2022-12-29 20:27:36,743  com.nopCommerce.testcases.TC_LoginDDT_004 user name provided 
2022-12-29 20:27:36,925  com.nopCommerce.testcases.TC_LoginDDT_004 password provided 
2022-12-29 20:27:42,653  com.nopCommerce.testcases.TC_LoginDDT_004 clicked on Login 
2022-12-29 20:27:45,834  com.nopCommerce.testcases.TC_LoginDDT_004 user name provided 
2022-12-29 20:27:46,002  com.nopCommerce.testcases.TC_LoginDDT_004 password provided 
2022-12-29 20:27:46,482  com.nopCommerce.testcases.TC_LoginDDT_004 clicked on Login 
2022-12-29 20:27:47,408  com.nopCommerce.testcases.TC_LoginDDT_004 user name provided 
2022-12-29 20:27:47,577  com.nopCommerce.testcases.TC_LoginDDT_004 password provided 
2022-12-29 20:27:47,649  com.nopCommerce.testcases.TC_LoginDDT_004 clicked on Login 
2022-12-29 20:28:31,331  com.nopCommerce.testcases.TC_checkingordersTest_002 URL id opened 
2022-12-29 20:28:31,510  com.nopCommerce.testcases.TC_checkingordersTest_002 User name is entered 
2022-12-29 20:28:31,668  com.nopCommerce.testcases.TC_checkingordersTest_002 password  is entered 
2022-12-29 20:28:37,481  com.nopCommerce.testcases.TC_checkingordersTest_002 clicked on Login 
2022-12-29 20:28:37,828  com.nopCommerce.testcases.TC_checkingordersTest_002 clicked on sales 
2022-12-29 20:28:39,847  com.nopCommerce.testcases.TC_checkingordersTest_002 clicked on orders 
2022-12-29 20:29:17,800  com.nopCommerce.testcases.TC_checkingordersTest_002 URL id opened 
2022-12-29 20:29:17,992  com.nopCommerce.testcases.TC_checkingordersTest_002 User name is entered 
2022-12-29 20:29:18,177  com.nopCommerce.testcases.TC_checkingordersTest_002 password  is entered 
2022-12-29 20:29:20,444  com.nopCommerce.testcases.TC_checkingordersTest_002 clicked on Login 
2022-12-29 20:29:20,709  com.nopCommerce.testcases.TC_checkingordersTest_002 clicked on sales 
2022-12-29 20:29:22,388  com.nopCommerce.testcases.TC_checkingordersTest_002 clicked on orders 
2022-12-29 20:29:33,345  com.nopCommerce.testcases.TC_checkingordersTest_002 URL id opened 
2022-12-29 20:29:33,525  com.nopCommerce.testcases.TC_checkingordersTest_002 User name is entered 
2022-12-29 20:29:33,691  com.nopCommerce.testcases.TC_checkingordersTest_002 password  is entered 
2022-12-29 20:29:35,802  com.nopCommerce.testcases.TC_checkingordersTest_002 clicked on Login 
2022-12-29 20:29:36,064  com.nopCommerce.testcases.TC_checkingordersTest_002 clicked on sales 
2022-12-29 20:29:37,554  com.nopCommerce.testcases.TC_checkingordersTest_002 clicked on orders 
2022-12-29 20:29:48,123  com.nopCommerce.testcases.TC_checkingordersTest_002 URL id opened 
2022-12-29 20:29:48,309  com.nopCommerce.testcases.TC_checkingordersTest_002 User name is entered 
2022-12-29 20:29:48,479  com.nopCommerce.testcases.TC_checkingordersTest_002 password  is entered 
2022-12-29 20:29:50,901  com.nopCommerce.testcases.TC_checkingordersTest_002 clicked on Login 
2022-12-29 20:29:51,096  com.nopCommerce.testcases.TC_checkingordersTest_002 clicked on sales 
2022-12-29 20:29:52,630  com.nopCommerce.testcases.TC_checkingordersTest_002 clicked on orders 
2022-12-29 20:33:27,866  com.nopCommerce.testcases.TC_LoginTest_001 URL id opened 
2022-12-29 20:33:28,101  com.nopCommerce.testcases.TC_LoginTest_001 User name is entered 
2022-12-29 20:33:28,256  com.nopCommerce.testcases.TC_LoginTest_001 password  is entered 
2022-12-29 20:33:31,639  com.nopCommerce.testcases.TC_LoginTest_001 clicked on Login 
2022-12-29 20:33:36,391  com.nopCommerce.testcases.TC_Addcustomerpage_003 URL id opened 
2022-12-29 20:33:36,572  com.nopCommerce.testcases.TC_Addcustomerpage_003 User name is entered 
2022-12-29 20:33:36,751  com.nopCommerce.testcases.TC_Addcustomerpage_003 password  is entered 
2022-12-29 20:33:41,817  com.nopCommerce.testcases.TC_Addcustomerpage_003 clicked on Login 
2022-12-29 20:34:00,336  com.nopCommerce.testcases.TC_LoginDDT_004 user name provided 
2022-12-29 20:34:00,519  com.nopCommerce.testcases.TC_LoginDDT_004 password provided 
2022-12-29 20:34:03,524  com.nopCommerce.testcases.TC_LoginDDT_004 clicked on Login 
2022-12-29 20:34:05,881  com.nopCommerce.testcases.TC_LoginDDT_004 user name provided 
2022-12-29 20:34:06,057  com.nopCommerce.testcases.TC_LoginDDT_004 password provided 
2022-12-29 20:34:06,606  com.nopCommerce.testcases.TC_LoginDDT_004 clicked on Login 
2022-12-29 20:34:07,371  com.nopCommerce.testcases.TC_LoginDDT_004 user name provided 
2022-12-29 20:34:07,549  com.nopCommerce.testcases.TC_LoginDDT_004 password provided 
2022-12-29 20:34:07,635  com.nopCommerce.testcases.TC_LoginDDT_004 clicked on Login 
2022-12-29 20:35:53,514  com.nopCommerce.testcases.TC_Addcustomerpage_003 URL id opened 
2022-12-29 20:35:53,719  com.nopCommerce.testcases.TC_Addcustomerpage_003 User name is entered 
2022-12-29 20:35:53,885  com.nopCommerce.testcases.TC_Addcustomerpage_003 password  is entered 
2022-12-29 20:36:02,646  com.nopCommerce.testcases.TC_Addcustomerpage_003 clicked on Login 
2022-12-29 20:36:20,831  com.nopCommerce.testcases.TC_LoginDDT_004 user name provided 
2022-12-29 20:36:21,003  com.nopCommerce.testcases.TC_LoginDDT_004 password provided 
2022-12-29 20:36:24,760  com.nopCommerce.testcases.TC_LoginDDT_004 clicked on Login 
2022-12-29 20:36:27,219  com.nopCommerce.testcases.TC_LoginDDT_004 user name provided 
2022-12-29 20:36:27,390  com.nopCommerce.testcases.TC_LoginDDT_004 password provided 
2022-12-29 20:36:27,840  com.nopCommerce.testcases.TC_LoginDDT_004 clicked on Login 
2022-12-29 20:36:28,633  com.nopCommerce.testcases.TC_LoginDDT_004 user name provided 
2022-12-29 20:36:28,804  com.nopCommerce.testcases.TC_LoginDDT_004 password provided 
2022-12-29 20:36:28,894  com.nopCommerce.testcases.TC_LoginDDT_004 clicked on Login 
2022-12-29 23:37:14,836  com.nopCommerce.testcases.TC_checkingordersTest_002 URL id opened 
2022-12-29 23:37:14,992  com.nopCommerce.testcases.TC_checkingordersTest_002 User name is entered 
2022-12-29 23:37:15,122  com.nopCommerce.testcases.TC_checkingordersTest_002 password  is entered 
2022-12-29 23:37:17,567  com.nopCommerce.testcases.TC_checkingordersTest_002 clicked on Login 
2022-12-29 23:37:45,479  com.nopCommerce.testcases.TC_Addcustomerpage_003 URL id opened 
2022-12-29 23:37:45,597  com.nopCommerce.testcases.TC_Addcustomerpage_003 User name is entered 
2022-12-29 23:37:45,734  com.nopCommerce.testcases.TC_Addcustomerpage_003 password  is entered 
2022-12-29 23:37:46,752  com.nopCommerce.testcases.TC_Addcustomerpage_003 clicked on Login 
2023-01-02 23:08:05,294  com.nopCommerce.testcases.TC_checkingordersTest_002 URL id opened 
2023-01-02 23:08:05,513  com.nopCommerce.testcases.TC_checkingordersTest_002 User name is entered 
2023-01-02 23:08:05,686  com.nopCommerce.testcases.TC_checkingordersTest_002 password  is entered 
2023-01-02 23:08:10,775  com.nopCommerce.testcases.TC_checkingordersTest_002 clicked on Login 
2023-01-02 23:08:11,087  com.nopCommerce.testcases.TC_checkingordersTest_002 clicked on sales 
2023-01-02 23:08:12,795  com.nopCommerce.testcases.TC_checkingordersTest_002 clicked on orders 
2023-01-02 23:08:44,912  com.nopCommerce.testcases.TC_checkingordersTest_002 URL id opened 
2023-01-02 23:08:45,136  com.nopCommerce.testcases.TC_checkingordersTest_002 User name is entered 
2023-01-02 23:08:45,341  com.nopCommerce.testcases.TC_checkingordersTest_002 password  is entered 
2023-01-02 23:08:49,609  com.nopCommerce.testcases.TC_checkingordersTest_002 clicked on Login 
2023-01-02 23:08:49,778  com.nopCommerce.testcases.TC_checkingordersTest_002 clicked on sales 
2023-01-02 23:08:51,694  com.nopCommerce.testcases.TC_checkingordersTest_002 clicked on orders 
2023-01-02 23:09:22,227  com.nopCommerce.testcases.TC_checkingordersTest_002 URL id opened 
2023-01-02 23:09:29,937  com.nopCommerce.testcases.TC_LoginTest_001 URL id opened 
2023-01-02 23:09:30,144  com.nopCommerce.testcases.TC_LoginTest_001 User name is entered 
2023-01-02 23:09:30,333  com.nopCommerce.testcases.TC_LoginTest_001 password  is entered 
2023-01-02 23:09:34,856  com.nopCommerce.testcases.TC_LoginTest_001 clicked on Login 
2023-01-02 23:09:38,908  com.nopCommerce.testcases.TC_Addcustomerpage_003 URL id opened 
2023-01-02 23:09:39,073  com.nopCommerce.testcases.TC_Addcustomerpage_003 User name is entered 
2023-01-02 23:09:39,234  com.nopCommerce.testcases.TC_Addcustomerpage_003 password  is entered 
2023-01-02 23:09:43,173  com.nopCommerce.testcases.TC_Addcustomerpage_003 clicked on Login 
2023-01-02 23:10:02,985  com.nopCommerce.testcases.TC_LoginDDT_004 user name provided 
2023-01-02 23:10:03,123  com.nopCommerce.testcases.TC_LoginDDT_004 password provided 
2023-01-02 23:10:07,410  com.nopCommerce.testcases.TC_LoginDDT_004 clicked on Login 
2023-01-02 23:10:10,071  com.nopCommerce.testcases.TC_LoginDDT_004 user name provided 
2023-01-02 23:10:10,245  com.nopCommerce.testcases.TC_LoginDDT_004 password provided 
2023-01-02 23:10:10,777  com.nopCommerce.testcases.TC_LoginDDT_004 clicked on Login 
2023-01-02 23:10:11,647  com.nopCommerce.testcases.TC_LoginDDT_004 user name provided 
2023-01-02 23:10:11,820  com.nopCommerce.testcases.TC_LoginDDT_004 password provided 
2023-01-02 23:10:11,906  com.nopCommerce.testcases.TC_LoginDDT_004 clicked on Login 
2023-01-02 23:13:32,656  com.nopCommerce.testcases.TC_checkingordersTest_002 URL id opened 
2023-01-02 23:13:32,861  com.nopCommerce.testcases.TC_checkingordersTest_002 User name is entered 
2023-01-02 23:13:33,040  com.nopCommerce.testcases.TC_checkingordersTest_002 password  is entered 
2023-01-02 23:13:37,974  com.nopCommerce.testcases.TC_checkingordersTest_002 clicked on Login 
2023-01-02 23:13:38,295  com.nopCommerce.testcases.TC_checkingordersTest_002 clicked on sales 
2023-01-02 23:13:40,171  com.nopCommerce.testcases.TC_checkingordersTest_002 clicked on orders 
2023-01-02 23:13:51,326  com.nopCommerce.testcases.TC_checkingordersTest_002 all details are entered 
